<?xml version="1.0" encoding="UTF-8"?>
<!-- Generated by org.testng.reporters.JUnitReportReporter -->
<testsuite hostname="LAPTOP-SM0IGFP9" failures="0" tests="1" name="com.webAutomation.streamTest" time="0.010" errors="0" timestamp="2024-09-04T23:38:44 IST" skipped="0">
  <testcase classname="com.webAutomation.streamTest" name="streamCollect" time="0.010"/>
</testsuite> <!-- com.webAutomation.streamTest -->
